app/seeds.txt
com.smapley.education.R$anim: int abc_fade_in
com.smapley.education.R$anim: int abc_fade_out
com.smapley.education.R$anim: int abc_grow_fade_in_from_bottom
com.smapley.education.R$anim: int abc_shrink_fade_out_from_bottom
com.smapley.education.R$anim: int abc_slide_in_bottom
com.smapley.education.R$anim: int abc_slide_in_top
com.smapley.education.R$anim: int abc_slide_out_bottom
com.smapley.education.R$anim: int abc_slide_out_top
com.smapley.education.R$attr: int actionBarDivider
com.smapley.education.R$attr: int actionBarItemBackground
com.smapley.education.R$attr: int actionBarPopupTheme
com.smapley.education.R$attr: int actionBarSize
com.smapley.education.R$attr: int actionBarSplitStyle
com.smapley.education.R$attr: int actionBarStyle
com.smapley.education.R$attr: int actionBarTabBarStyle
com.smapley.education.R$attr: int actionBarTabStyle
com.smapley.education.R$attr: int actionBarTabTextStyle
com.smapley.education.R$attr: int actionBarTheme
com.smapley.education.R$attr: int actionBarWidgetTheme
com.smapley.education.R$attr: int actionButtonStyle
com.smapley.education.R$attr: int actionDropDownStyle
com.smapley.education.R$attr: int actionLayout
com.smapley.education.R$attr: int actionMenuTextAppearance
com.smapley.education.R$attr: int actionMenuTextColor
com.smapley.education.R$attr: int actionModeBackground
com.smapley.education.R$attr: int actionModeCloseButtonStyle
com.smapley.education.R$attr: int actionModeCloseDrawable
com.smapley.education.R$attr: int actionModeCopyDrawable
com.smapley.education.R$attr: int actionModeCutDrawable
com.smapley.education.R$attr: int actionModeFindDrawable
com.smapley.education.R$attr: int actionModePasteDrawable
com.smapley.education.R$attr: int actionModePopupWindowStyle
com.smapley.education.R$attr: int actionModeSelectAllDrawable
com.smapley.education.R$attr: int actionModeShareDrawable
com.smapley.education.R$attr: int actionModeSplitBackground
com.smapley.education.R$bool: int abc_action_bar_embed_tabs
com.smapley.education.R$bool: int abc_action_bar_embed_tabs_pre_jb
com.smapley.education.R$bool: int abc_action_bar_expanded_action_views_exclusive
com.smapley.education.R$bool: int abc_config_actionMenuItemAllCaps
com.smapley.education.R$bool: int abc_config_allowActionMenuItemTextWithIcon
com.smapley.education.R$bool: int abc_config_showMenuShortcutsWhenKeyboardPresent
com.smapley.education.R$color: int abc_background_cache_hint_selector_material_dark
com.smapley.education.R$color: int abc_background_cache_hint_selector_material_light
com.smapley.education.R$color: int abc_input_method_navigation_guard
com.smapley.education.R$color: int abc_primary_text_disable_only_material_dark
com.smapley.education.R$color: int abc_primary_text_disable_only_material_light
com.smapley.education.R$color: int abc_primary_text_material_dark
com.smapley.education.R$color: int abc_primary_text_material_light
com.smapley.education.R$color: int abc_search_url_text
com.smapley.education.R$color: int abc_search_url_text_normal
com.smapley.education.R$color: int abc_search_url_text_pressed
com.smapley.education.R$color: int abc_search_url_text_selected
com.smapley.education.R$color: int abc_secondary_text_material_dark
com.smapley.education.R$color: int abc_secondary_text_material_light
com.smapley.education.R$color: int accent_material_dark
com.smapley.education.R$color: int accent_material_light
com.smapley.education.R$color: int background_floating_material_dark
com.smapley.education.R$color: int background_floating_material_light
com.smapley.education.R$color: int background_material_dark
com.smapley.education.R$color: int background_material_light
com.smapley.education.R$color: int black
com.smapley.education.R$color: int blue
com.smapley.education.R$color: int bluetitle
com.smapley.education.R$color: int bright_foreground_disabled_material_dark
...
org.achartengine.renderer.DialRenderer
org.achartengine.renderer.DialRenderer: double mAngleMin
org.achartengine.renderer.DialRenderer: double mAngleMax
org.achartengine.renderer.DialRenderer: double mMinValue
org.achartengine.renderer.DialRenderer: double mMaxValue
org.achartengine.renderer.DialRenderer: double mMinorTickSpacing
org.achartengine.renderer.DialRenderer: double mMajorTickSpacing
org.achartengine.renderer.DialRenderer: java.util.List mVisualTypes
org.achartengine.renderer.DialRenderer: DialRenderer()
org.achartengine.renderer.DialRenderer: double getAngleMin()
org.achartengine.renderer.DialRenderer: void setAngleMin(double)
org.achartengine.renderer.DialRenderer: double getAngleMax()
org.achartengine.renderer.DialRenderer: void setAngleMax(double)
org.achartengine.renderer.DialRenderer: double getMinValue()
org.achartengine.renderer.DialRenderer: void setMinValue(double)
org.achartengine.renderer.DialRenderer: boolean isMinValueSet()
org.achartengine.renderer.DialRenderer: double getMaxValue()
org.achartengine.renderer.DialRenderer: void setMaxValue(double)
org.achartengine.renderer.DialRenderer: boolean isMaxValueSet()
org.achartengine.renderer.DialRenderer: double getMinorTicksSpacing()
org.achartengine.renderer.DialRenderer: void setMinorTicksSpacing(double)
org.achartengine.renderer.DialRenderer: double getMajorTicksSpacing()
org.achartengine.renderer.DialRenderer: void setMajorTicksSpacing(double)
org.achartengine.renderer.DialRenderer$Type
org.achartengine.renderer.DialRenderer$Type: org.achartengine.renderer.DialRenderer$Type[] values()
org.achartengine.renderer.DialRenderer$Type: org.achartengine.renderer.DialRenderer$Type valueOf(java.lang.String)
org.achartengine.renderer.DialRenderer$Type: void <clinit>()
org.achartengine.renderer.SimpleSeriesRenderer
org.achartengine.renderer.SimpleSeriesRenderer: int mColor
org.achartengine.renderer.SimpleSeriesRenderer: boolean mDisplayChartValues
org.achartengine.renderer.SimpleSeriesRenderer: int mDisplayChartValuesDistance
org.achartengine.renderer.SimpleSeriesRenderer: float mChartValuesTextSize
org.achartengine.renderer.SimpleSeriesRenderer: android.graphics.Paint$Align mChartValuesTextAlign
org.achartengine.renderer.SimpleSeriesRenderer: float mChartValuesSpacing
org.achartengine.renderer.SimpleSeriesRenderer: org.achartengine.renderer.BasicStroke mStroke
org.achartengine.renderer.SimpleSeriesRenderer: boolean mGradientEnabled
org.achartengine.renderer.SimpleSeriesRenderer: double mGradientStartValue
org.achartengine.renderer.SimpleSeriesRenderer: int mGradientStartColor
org.achartengine.renderer.SimpleSeriesRenderer: double mGradientStopValue
org.achartengine.renderer.SimpleSeriesRenderer: int mGradientStopColor
org.achartengine.renderer.SimpleSeriesRenderer: boolean mShowLegendItem
org.achartengine.renderer.SimpleSeriesRenderer: java.text.NumberFormat mChartValuesFormat
org.achartengine.renderer.SimpleSeriesRenderer: boolean mHighlighted
org.achartengine.renderer.SimpleSeriesRenderer: boolean mDisplayBoundingPoints
org.achartengine.renderer.SimpleSeriesRenderer: SimpleSeriesRenderer()
org.achartengine.renderer.SimpleSeriesRenderer: int getColor()
org.achartengine.renderer.SimpleSeriesRenderer: void setColor(int)