app/mapping.txt
com.smapley.education.activity.MainActivity -> com.smapley.education.activity.MainActivity:
    java.lang.Boolean isExit -> a
    com.smapley.education.fragment.MainFragment mainFragment -> b
    com.smapley.education.fragment.SetFragment setFragment -> c
    android.widget.ImageView main -> d
    android.widget.ImageView set -> e
    android.widget.LinearLayout mainlayout -> f
    android.widget.LinearLayout setlayout -> g
    android.graphics.Bitmap bmp -> h
    void onCreate(android.os.Bundle) -> onCreate
    void initVIew() -> b
    void onActivityResult(int,int,android.content.Intent) -> onActivityResult
    boolean onKeyDown(int,android.view.KeyEvent) -> onKeyDown
    void exitBy2Click() -> a
    android.widget.ImageView access$000(com.smapley.education.activity.MainActivity) -> a
    android.widget.ImageView access$100(com.smapley.education.activity.MainActivity) -> b
    android.widget.LinearLayout access$200(com.smapley.education.activity.MainActivity) -> c
    android.widget.LinearLayout access$300(com.smapley.education.activity.MainActivity) -> d
    com.smapley.education.fragment.MainFragment access$400(com.smapley.education.activity.MainActivity) -> e
    java.lang.Boolean access$502(java.lang.Boolean) -> a
com.smapley.education.activity.MainActivity$1 -> com.smapley.education.activity.a:
    com.smapley.education.activity.MainActivity this$0 -> a
    void onClick(android.view.View) -> onClick
com.smapley.education.activity.MainActivity$2 -> com.smapley.education.activity.b:
    com.smapley.education.activity.MainActivity this$0 -> a
    void onClick(android.view.View) -> onClick
com.smapley.education.activity.MainActivity$3 -> com.smapley.education.activity.c:
    com.smapley.education.activity.MainActivity this$0 -> a
    void run() -> run
com.smapley.education.adapter.AddCourseAdapter -> com.smapley.education.a.a:
    android.view.LayoutInflater mInflater -> a
    android.content.Context context -> b
    java.util.List listitem -> c
    int getCount() -> getCount
    java.lang.Object getItem(int) -> getItem
    long getItemId(int) -> getItemId
    android.view.View getView(int,android.view.View,android.view.ViewGroup) -> getView
com.smapley.education.adapter.AddCourseAdapter$ViewHolder -> com.smapley.education.a.b:
    android.widget.TextView title -> a
    android.widget.ImageView check -> b
    com.smapley.education.adapter.AddCourseAdapter this$0 -> c
com.smapley.education.adapter.AddGradeAdapter -> com.smapley.education.a.c:
    android.view.LayoutInflater mInflater -> b
    java.util.List mData -> c
    java.util.Map editorValue -> a
    java.lang.Integer index -> d
    void init() -> b
    java.util.List getData() -> a
    int getCount() -> getCount
    java.lang.Object getItem(int) -> getItem
    long getItemId(int) -> getItemId
    android.view.View getView(int,android.view.View,android.view.ViewGroup) -> getView
    java.lang.Integer access$002(com.smapley.education.adapter.AddGradeAdapter,java.lang.Integer) -> a
    java.util.List access$100(com.smapley.education.adapter.AddGradeAdapter) -> a
com.smapley.education.adapter.AddGradeAdapter$1 -> com.smapley.education.a.d:
    com.smapley.education.adapter.AddGradeAdapter this$0 -> a
    boolean onTouch(android.view.View,android.view.MotionEvent) -> onTouch
com.smapley.education.adapter.AddGradeAdapter$1MyTextWatcher -> com.smapley.education.a.e:
    com.smapley.education.adapter.AddGradeAdapter$ViewHolder mHolder -> b
    com.smapley.education.adapter.AddGradeAdapter this$0 -> a
    void onTextChanged(java.lang.CharSequence,int,int,int) -> onTextChanged
    void beforeTextChanged(java.lang.CharSequence,int,int,int) -> beforeTextChanged
    void afterTextChanged(android.text.Editable) -> afterTextChanged
com.smapley.education.adapter.AddGradeAdapter$ViewHolder -> com.smapley.education.a.f:
    android.widget.TextView name -> a
    android.widget.EditText value -> b
    com.smapley.education.adapter.AddGradeAdapter this$0 -> c
...
android.support.v7.appcompat.R$styleable -> android.support.v7.a.l:
    int[] ActionBar -> ActionBar
    int[] ActionBarLayout -> ActionBarLayout
    int ActionBarLayout_android_layout_gravity -> ActionBarLayout_android_layout_gravity
    int ActionBar_background -> ActionBar_background
    int ActionBar_backgroundSplit -> ActionBar_backgroundSplit
    int ActionBar_backgroundStacked -> ActionBar_backgroundStacked
    int ActionBar_contentInsetEnd -> ActionBar_contentInsetEnd
    int ActionBar_contentInsetLeft -> ActionBar_contentInsetLeft
    int ActionBar_contentInsetRight -> ActionBar_contentInsetRight
    int ActionBar_contentInsetStart -> ActionBar_contentInsetStart
    int ActionBar_customNavigationLayout -> ActionBar_customNavigationLayout
    int ActionBar_displayOptions -> ActionBar_displayOptions
    int ActionBar_divider -> ActionBar_divider
    int ActionBar_elevation -> ActionBar_elevation
    int ActionBar_height -> ActionBar_height
    int ActionBar_hideOnContentScroll -> ActionBar_hideOnContentScroll
    int ActionBar_homeAsUpIndicator -> ActionBar_homeAsUpIndicator
    int ActionBar_homeLayout -> ActionBar_homeLayout
    int ActionBar_icon -> ActionBar_icon
    int ActionBar_indeterminateProgressStyle -> ActionBar_indeterminateProgressStyle
    int ActionBar_itemPadding -> ActionBar_itemPadding
    int ActionBar_logo -> ActionBar_logo
    int ActionBar_navigationMode -> ActionBar_navigationMode
    int ActionBar_popupTheme -> ActionBar_popupTheme
android.support.v7.internal.VersionUtils -> android.support.v7.internal.a:
    boolean isAtLeastL() -> a
android.support.v7.internal.app.WindowCallback -> android.support.v7.internal.a.a:
    boolean onMenuItemSelected(int,android.view.MenuItem) -> a
    boolean onCreatePanelMenu(int,android.view.Menu) -> a
    boolean onPreparePanel(int,android.view.View,android.view.Menu) -> a
    void onPanelClosed(int,android.view.Menu) -> b
    boolean onMenuOpened(int,android.view.Menu) -> c
    android.view.View onCreatePanelView(int) -> a
android.support.v7.internal.app.WindowDecorActionBar -> android.support.v7.internal.a.b:
    boolean ALLOW_SHOW_HIDE_ANIMATIONS -> i
    android.content.Context mContext -> j
    android.content.Context mThemedContext -> k
    android.support.v4.app.FragmentActivity mActivity -> l
    android.support.v7.internal.widget.ActionBarOverlayLayout mOverlayLayout -> m
    android.support.v7.internal.widget.ActionBarContainer mContainerView -> n
    android.support.v7.internal.widget.DecorToolbar mDecorToolbar -> o
    android.support.v7.internal.widget.ActionBarContextView mContextView -> p
    android.support.v7.internal.widget.ActionBarContainer mSplitView -> q
    android.view.View mContentView -> r
    android.support.v7.internal.widget.ScrollingTabContainerView mTabScrollView -> s
    java.util.ArrayList mTabs -> t
    int mSavedTabPosition -> u
    boolean mDisplayHomeAsUpSet -> v
    android.support.v7.internal.app.WindowDecorActionBar$ActionModeImpl mActionMode -> a
    android.support.v7.view.ActionMode mDeferredDestroyActionMode -> b
    android.support.v7.view.ActionMode$Callback mDeferredModeDestroyCallback -> c
    boolean mLastMenuVisibility -> w
    java.util.ArrayList mMenuVisibilityListeners -> x
    int mContextDisplayMode -> y
    boolean mHasEmbeddedTabs -> z
    int mCurWindowVisibility -> A
    boolean mContentAnimations -> B
    boolean mHiddenByApp -> C
    boolean mHiddenBySystem -> D
    boolean mShowingForMode -> E
    boolean mNowShowing -> F
android.support.v7.internal.app.WindowDecorActionBar$1 -> android.support.v7.internal.a.c:
    android.support.v7.internal.app.WindowDecorActionBar this$0 -> a
    void onAnimationEnd(android.view.View) -> b
android.support.v7.internal.app.WindowDecorActionBar$2 -> android.support.v7.internal.a.d:
    android.support.v7.internal.app.WindowDecorActionBar this$0 -> a
    void onAnimationEnd(android.view.View) -> b