app/unused.txt
com.smapley.education.BuildConfig
com.smapley.education.R
com.smapley.education.R$anim
com.smapley.education.R$attr
com.smapley.education.R$bool
com.smapley.education.R$color
com.smapley.education.R$dimen
com.smapley.education.R$drawable
com.smapley.education.R$id
com.smapley.education.R$integer
com.smapley.education.R$layout
com.smapley.education.R$menu
com.smapley.education.R$mipmap
com.smapley.education.R$string
com.smapley.education.R$style
com.smapley.education.R$styleable
com.smapley.education.adapter.AddressAdapter:
    37:37:public java.util.List getData()
com.smapley.education.fragment.AddNoticeFragment:
    private java.lang.String titleString
    private java.lang.String contentString
com.smapley.education.fragment.ListViewFragment:
    public static final int NOTICE
    public static final int HONOR
    public static final int ABSENT
    public static final int HOMEWORK
    public static final int LEAVE
com.smapley.education.http.HttpUtils:
    private static final java.lang.String TAG
    19:19:public HttpUtils()
com.smapley.education.http.bitmap.GetPic_inSampleSize:
    32:40:public static android.graphics.Bitmap decodeSampledBitmapFromResource(android.content.res.Resources,int,int,int)
com.smapley.education.http.bitmap.ImageFileCache:
    private static final java.lang.String WHOLESALE_CONV
    private static final int MB
    private static final int CACHE_SIZE
    private static final int FREE_SD_SPACE_NEEDED_TO_CACHE
com.smapley.education.http.bitmap.ImageMemoryCache:
    private static final int SOFT_CACHE_SIZE
    100:101:public void clearCache()
com.smapley.education.utils.Exit:
    29:30:public void addActivity(android.app.Activity)
    44:57:public void exitAlert(android.app.AlertDialog$Builder)
    61:69:public void infoAlert(android.app.AlertDialog$Builder,java.lang.String)
com.smapley.education.utils.Exit$1
com.smapley.education.utils.Exit$2
com.smapley.education.utils.Exit$3
com.smapley.education.utils.MyData:
    public static final java.lang.String BASE_URL
    public static final java.lang.String URL_REG
    public static final java.lang.String URL_PROVINCE
    public static final java.lang.String URL_SCHOOL
    public static final java.lang.String URL_GETCHILD
    public static final java.lang.String URL_GETSTULIST
    public static final java.lang.String URL_GETBOOKLIST
    public static final java.lang.String URL_GETEXAMSUBJECT
    public static final java.lang.String URL_ADDGRADE
    public static final java.lang.String URL_GETNEWMSG
    public static final java.lang.String URL_GETSUBJECTLIST
    public static final java.lang.String URL_GETSTINFO
    public static final java.lang.String URL_UPDATESTINFO
    public static final java.lang.String URL_SETPROV
    public static final java.lang.String URL_ADDSTU
    public static final java.lang.String URL_GETMSGTITLELIST
    public static final java.lang.String URL_GETSTUTABLE
    public static final java.lang.String URL_GETSTUTABLEEITHSTUPHONE
    public static final java.lang.String URL_ADDMSG
    public static final java.lang.String URL_UPDATAEXAMSUBJECT
    public static final java.lang.String URL_GETEXAMLIST
    public static final java.lang.String URL_GETTIMETABLE
    public static final java.lang.String URL_UPDATATEATIMETABLE
    public static final java.lang.String URL_ADDEXAM
    public static final java.lang.String URL_ADDTEASUBJECT
...
android.support.v4.speech.tts.TextToSpeechICSMR1$UtteranceProgressListenerICSMR1
android.support.v4.text.BidiFormatter
android.support.v4.text.BidiFormatter$1
android.support.v4.text.BidiFormatter$Builder
android.support.v4.text.BidiFormatter$DirectionalityEstimator
android.support.v4.text.ICUCompat:
    21:40:public ICUCompat()
android.support.v4.text.ICUCompatIcs:
    private static final java.lang.String TAG
    24:24:ICUCompatIcs()
android.support.v4.text.TextDirectionHeuristicCompat
android.support.v4.text.TextDirectionHeuristicsCompat
android.support.v4.text.TextDirectionHeuristicsCompat$1
android.support.v4.text.TextDirectionHeuristicsCompat$AnyStrong
android.support.v4.text.TextDirectionHeuristicsCompat$FirstStrong
android.support.v4.text.TextDirectionHeuristicsCompat$TextDirectionAlgorithm
android.support.v4.text.TextDirectionHeuristicsCompat$TextDirectionHeuristicImpl
android.support.v4.text.TextDirectionHeuristicsCompat$TextDirectionHeuristicInternal
android.support.v4.text.TextDirectionHeuristicsCompat$TextDirectionHeuristicLocale
android.support.v4.text.TextUtilsCompat:
    25:25:public TextUtilsCompat()
    34:62:public static java.lang.String htmlEncode(java.lang.String)
android.support.v4.util.ArrayMap:
    61:62:public ArrayMap(int)
    68:69:public ArrayMap(android.support.v4.util.SimpleArrayMap)
    130:130:public boolean containsAll(java.util.Collection)
    151:151:public boolean removeAll(java.util.Collection)
android.support.v4.util.AtomicFile
android.support.v4.util.CircularArray
android.support.v4.util.ContainerHelpers:
    19:19:ContainerHelpers()
    29:29:public static int idealLongArraySize(int)
    65:80:static int binarySearch(long[],int,long)
android.support.v4.util.DebugUtils:
    25:25:public DebugUtils()
android.support.v4.util.LongSparseArray
android.support.v4.util.LruCache:
    61:69:public void resize(int)
    193:209:public final java.lang.Object remove(java.lang.Object)
    271:272:public final void evictAll()
    280:280:public final synchronized int size()
    289:289:public final synchronized int maxSize()
    297:297:public final synchronized int hitCount()
    305:305:public final synchronized int missCount()
    312:312:public final synchronized int createCount()
    319:319:public final synchronized int putCount()
    326:326:public final synchronized int evictionCount()
    334:334:public final synchronized java.util.Map snapshot()
android.support.v4.util.Pair
android.support.v4.util.Pools
android.support.v4.util.Pools$Pool
android.support.v4.util.Pools$SimplePool
android.support.v4.util.Pools$SynchronizedPool
android.support.v4.util.SimpleArrayMap:
    private static final boolean DEBUG
    private static final java.lang.String TAG
    private static final int BASE_SIZE
    private static final int CACHE_SIZE
    217:225:public SimpleArrayMap(int)
    231:235:public SimpleArrayMap(android.support.v4.util.SimpleArrayMap)
    429:442:public void putAll(android.support.v4.util.SimpleArrayMap)
android.support.v4.util.SparseArrayCompat:
    76:76:public java.lang.Object get(int)
    85:90:public java.lang.Object get(int,java.lang.Object)
    98:106:public void delete(int)
    112:113:public void remove(int)
    119:123:public void removeAt(int)
    132:136:public void removeAtRange(int,int)
    172:216:public void put(int,java.lang.Object)
    263:268:public void setValueAt(int,java.lang.Object)
    276:280:public int indexOfKey(int)
    294:302:public int indexOfValue(java.lang.Object)
    325:352:public void append(int,java.lang.Object)
android.support.v4.util.TimeUtils
android.support.v4.view.AccessibilityDelegateCompatIcs:
    28:30:AccessibilityDelegateCompatIcs()
android.support.v4.view.AccessibilityDelegateCompatJellyBean:
    30:32:AccessibilityDelegateCompatJellyBean()
android.support.v4.view.ActionProvider:
    private static final java.lang.String TAG
    86:86:public android.content.Context getContext()
    145:148:public void refreshVisibility()